build/app/outputs/mapping/release/mapping.txt
# compiler: R8
# compiler_version: 1.5.64
# min_api: 16
# pg_map_id: 0eb5fa0
...
io.flutter.plugins.videoplayer.-$$Lambda$Messages$VideoPlayerApi$S5QkjE-sAPUEJf0DNlrYNZpRFMY -> io.flutter.plugins.c.h:
    io.flutter.plugins.videoplayer.Messages$VideoPlayerApi f$0 -> a
    void onMessage(java.lang.Object,io.flutter.plugin.common.BasicMessageChannel$Reply) -> a
io.flutter.plugins.videoplayer.-$$Lambda$Messages$VideoPlayerApi$SMZHXDFxrH2MGjdkGEgW1D9JKtQ -> io.flutter.plugins.c.i:
    io.flutter.plugins.videoplayer.Messages$VideoPlayerApi f$0 -> a
    void onMessage(java.lang.Object,io.flutter.plugin.common.BasicMessageChannel$Reply) -> a
io.flutter.plugins.videoplayer.-$$Lambda$Messages$VideoPlayerApi$kKVK649-BdsUS6RfEEnbNfvbzU4 -> io.flutter.plugins.c.j:
    io.flutter.plugins.videoplayer.Messages$VideoPlayerApi f$0 -> a
    void onMessage(java.lang.Object,io.flutter.plugin.common.BasicMessageChannel$Reply) -> a
io.flutter.plugins.videoplayer.-$$Lambda$Messages$VideoPlayerApi$w7wB_XQPhFUyF8KPeQqrvUaycEI -> io.flutter.plugins.c.k:
    io.flutter.plugins.videoplayer.Messages$VideoPlayerApi f$0 -> a
    void onMessage(java.lang.Object,io.flutter.plugin.common.BasicMessageChannel$Reply) -> a
io.flutter.plugins.videoplayer.-$$Lambda$Messages$VideoPlayerApi$wKxw3gth52K9ctjxJbs8GRHLuDI -> io.flutter.plugins.c.l:
    io.flutter.plugins.videoplayer.Messages$VideoPlayerApi f$0 -> a
    void onMessage(java.lang.Object,io.flutter.plugin.common.BasicMessageChannel$Reply) -> a
io.flutter.plugins.videoplayer.-$$Lambda$Messages$VideoPlayerApi$yTZGCiWTkR3Imon20L5erE2n9o8 -> io.flutter.plugins.c.m:
    io.flutter.plugins.videoplayer.Messages$VideoPlayerApi f$0 -> a
    void onMessage(java.lang.Object,io.flutter.plugin.common.BasicMessageChannel$Reply) -> a
io.flutter.plugins.videoplayer.CustomSSLSocketFactory -> io.flutter.plugins.c.n:
    javax.net.ssl.SSLSocketFactory sslSocketFactory -> a
    java.net.Socket enableProtocols(java.net.Socket) -> a
io.flutter.plugins.videoplayer.Messages -> io.flutter.plugins.c.o:
    java.util.HashMap access$000(java.lang.Exception) -> a
    java.util.HashMap wrapError(java.lang.Exception) -> b
io.flutter.plugins.videoplayer.Messages$CreateMessage -> io.flutter.plugins.c.o$a:
    java.lang.String asset -> a
    java.lang.String packageName -> c
    java.lang.String uri -> b
    java.util.HashMap httpHeaders -> e
    java.lang.String formatHint -> d
    io.flutter.plugins.videoplayer.Messages$CreateMessage fromMap(java.util.HashMap) -> a
    java.lang.String getAsset() -> a
    java.lang.String getFormatHint() -> b
    java.util.HashMap getHttpHeaders() -> c
    java.lang.String getPackageName() -> d
    java.lang.String getUri() -> e
io.flutter.plugins.videoplayer.Messages$LoopingMessage -> io.flutter.plugins.c.o$b:
    java.lang.Long textureId -> a
    java.lang.Boolean isLooping -> b
    io.flutter.plugins.videoplayer.Messages$LoopingMessage fromMap(java.util.HashMap) -> a
    java.lang.Boolean getIsLooping() -> a
    java.lang.Long getTextureId() -> b
io.flutter.plugins.videoplayer.Messages$MixWithOthersMessage -> io.flutter.plugins.c.o$c:
    java.lang.Boolean mixWithOthers -> a
    io.flutter.plugins.videoplayer.Messages$MixWithOthersMessage fromMap(java.util.HashMap) -> a
    java.lang.Boolean getMixWithOthers() -> a
io.flutter.plugins.videoplayer.Messages$PlaybackSpeedMessage -> io.flutter.plugins.c.o$d:
    java.lang.Double speed -> b
    java.lang.Long textureId -> a
    io.flutter.plugins.videoplayer.Messages$PlaybackSpeedMessage fromMap(java.util.HashMap) -> a
    java.lang.Double getSpeed() -> a
    java.lang.Long getTextureId() -> b
io.flutter.plugins.videoplayer.Messages$PositionMessage -> io.flutter.plugins.c.o$e:
    java.lang.Long textureId -> a
    java.lang.Long position -> b
    io.flutter.plugins.videoplayer.Messages$PositionMessage fromMap(java.util.HashMap) -> a
    java.lang.Long getPosition() -> a
    void setPosition(java.lang.Long) -> a
    java.lang.Long getTextureId() -> b
    java.util.HashMap toMap() -> c